<?xml version="1.0" encoding="UTF-8"?>
<!-- Generated by org.testng.reporters.JUnitReportReporter -->
<testsuite hostname="PF3ZE9EW" failures="0" tests="1" name="com.restassured.testcases.Mapping_Upload_CSV" time="1.001" errors="0" timestamp="2023-06-01T16:09:09 IST" skipped="0">
  <testcase classname="com.restassured.testcases.Mapping_Upload_CSV" name="Get_Mapping_Upload_CSV" time="1.001"/>
  <system-out/>
</testsuite> <!-- com.restassured.testcases.Mapping_Upload_CSV -->
