<?xml version="1.0" encoding="UTF-8"?>
<!-- Generated by org.testng.reporters.JUnitReportReporter -->
<testsuite hostname="PF3ZE9EW" failures="0" tests="1" name="com.restassured.testcases.Network_Get_Data" time="1.036" errors="0" timestamp="2023-06-01T16:09:08 IST" skipped="0">
  <testcase classname="com.restassured.testcases.Network_Get_Data" name="Get_Network_DownloadTemplate" time="1.036"/>
  <system-out/>
</testsuite> <!-- com.restassured.testcases.Network_Get_Data -->
