<?xml version="1.0" encoding="UTF-8"?>
<!-- Generated by org.testng.reporters.JUnitReportReporter -->
<testsuite hostname="PF3ZE9EW" failures="0" tests="2" name="com.restassured.testcases.Login" time="5.972" errors="0" timestamp="2023-06-01T16:09:09 IST" skipped="0">
  <testcase classname="com.restassured.testcases.Login" name="Login_user" time="4.847"/>
  <system-out/>
  <testcase classname="com.restassured.testcases.Login" name="Verify_token" time="1.125"/>
  <system-out/>
</testsuite> <!-- com.restassured.testcases.Login -->
