<?xml version="1.0" encoding="UTF-8"?>
<!-- Generated by org.testng.reporters.JUnitReportReporter -->
<testsuite hostname="PF3ZE9EW" failures="0" tests="1" name="com.restassured.testcases.Product_Upload_JSON" time="4.998" errors="0" timestamp="2023-06-01T16:09:09 IST" skipped="0">
  <testcase classname="com.restassured.testcases.Product_Upload_JSON" name="Get_Product_Upload_JSON" time="4.998"/>
  <system-out/>
</testsuite> <!-- com.restassured.testcases.Product_Upload_JSON -->
